<?xml version="1.0" encoding="UTF-8"?>
<!-- Generated by org.testng.reporters.JUnitXMLReporter -->
<testsuite hostname="DESKTOP-5EBOMM6" ignored="0" name="Lead" tests="2" failures="1" timestamp="23 Jun 2018 04:18:50 GMT" time="195.931" errors="0">
  <testcase name="createLead" time="25.458" classname="tests.CreateLead"/>
  <testcase name="deleateLead" time="170.168" classname="tests.DeleateLead">
    <failure type="java.lang.NullPointerException">
      <![CDATA[java.lang.NullPointerException
at org.openqa.selenium.support.events.EventFiringWebDriver.extractInterfaces(EventFiringWebDriver.java:118)
at org.openqa.selenium.support.events.EventFiringWebDriver.access$300(EventFiringWebDriver.java:67)
at org.openqa.selenium.support.events.EventFiringWebDriver$EventFiringWebElement.<init>(EventFiringWebDriver.java:365)
at org.openqa.selenium.support.events.EventFiringWebDriver$EventFiringWebElement.<init>(EventFiringWebDriver.java:357)
at org.openqa.selenium.support.events.EventFiringWebDriver.createWebElement(EventFiringWebDriver.java:308)
at org.openqa.selenium.support.events.EventFiringWebDriver.findElement(EventFiringWebDriver.java:188)
at lib.selenium.WebDriverServiceImpl.locateElement(WebDriverServiceImpl.java:32)
at tests.DeleateLead.deleateLead(DeleateLead.java:46)
... Removed 25 stack frames]]>
    </failure>
  </testcase> <!-- deleateLead -->
</testsuite> <!-- Lead -->
